0.399419 1.198256 1.241000 1.035672 -0.009895 0.522783 0.000000 0.000000 0.000000 0.000000 0.000000 0.000000 0.000000 0.000000 1000000
0.399419 1.198256 1.241000 1.035672 -0.009895 0.522783 0.000000 0.000000 0.000000 0.000000 0.000000 0.000000 0.000000 0.000000 2000000
0.399419 1.198256 1.241000 1.035672 -0.009895 0.522783 0.000000 0.000000 0.000000 0.000000 0.000000 0.000000 0.000000 0.000000 3000000
15.923345 53.932394 0.022552 0.000339 -0.526783 0.263591 2.054120 6.162361 12.682490 0.004294 0.000080 0.000061 0.000061 0.000031 4000000
29.469860 88.410338 0.008841 0.000100 -0.526933 0.263516 0.000253 0.000759 0.001194 0.000000 0.000000 0.000000 0.000000 0.000000 5000000
9.124040 27.013578 12.194267 0.458229 -0.300230 0.377835 0.119514 0.358542 0.401853 0.184141 0.006817 0.002789 0.002789 0.001394 6000000
8.607390 25.822134 13.546173 0.524597 -0.265348 0.394972 0.000012 0.000036 0.000061 0.000032 0.000001 0.000001 0.000001 0.000000 7000000
8.607357 25.822071 13.546258 0.524600 -0.265346 0.394973 0.000000 0.000000 0.000000 0.000000 0.000000 0.000000 0.000000 0.000000 8000000
8.607357 25.822071 13.546258 0.524600 -0.265346 0.394973 0.000000 0.000000 0.000000 0.000000 0.000000 0.000000 0.000000 0.000000 9000000
8.603615 25.816550 13.574392 0.525601 -0.000629 0.263384 0.001902 0.005705 0.009886 0.005196 0.000201 0.000538 0.000538 0.000269 10000000
8.611416 25.834254 13.552679 0.524601 0.000099 0.262251 0.000002 0.000005 0.000010 0.000005 0.000000 0.000001 0.000001 0.000000 11000000
8.830094 26.452676 13.667928 0.517928 -0.994998 0.754602 0.012536 0.037607 0.063050 0.032655 0.001234 0.003722 0.003722 0.001861 12000000
8.777287 26.331826 13.813480 0.524594 -0.999995 0.762293 0.000012 0.000036 0.000064 0.000033 0.000001 0.000004 0.000004 0.000002 13000000
8.777238 26.331715 13.813616 0.524600 -1.000000 0.762300 0.000000 0.000000 0.000000 0.000000 0.000000 0.000000 0.000000 0.000000 14000000
8.777238 26.331715 13.813616 0.524600 -1.000000 0.762300 0.000000 0.000000 0.000000 0.000000 0.000000 0.000000 0.000000 0.000000 15000000
8.777238 26.331715 13.813616 0.524600 -1.000000 0.762300 0.000000 0.000000 0.000000 0.000000 0.000000 0.000000 0.000000 0.000000 16000000
8.777238 26.331715 13.813616 0.524600 -1.000000 0.762300 0.000000 0.000000 0.000000 0.000000 0.000000 0.000000 0.000000 0.000000 17000000
8.777238 26.331715 13.813616 0.524600 -1.000000 0.762300 0.000000 0.000000 0.000000 0.000000 0.000000 0.000000 0.000000 0.000000 18000000
8.777238 26.331715 13.813616 0.524600 -1.000000 0.762300 0.000000 0.000000 0.000000 0.000000 0.000000 0.000000 0.000000 0.000000 19000000
8.777238 26.331715 13.813616 0.524600 -1.000000 0.762300 0.000000 0.000000 0.000000 0.000000 0.000000 0.000000 0.000000 0.000000 20000000
8.777238 26.331715 13.813616 0.524600 -1.000000 0.762300 0.000000 0.000000 0.000000 0.000000 0.000000 0.000000 0.000000 0.000000 21000000
8.777238 26.331715 13.813616 0.524600 -1.000000 0.762300 0.000000 0.000000 0.000000 0.000000 0.000000 0.000000 0.000000 0.000000 22000000
8.777238 26.331715 13.813616 0.524600 -1.000000 0.762300 0.000000 0.000000 0.000000 0.000000 0.000000 0.000000 0.000000 0.000000 23000000
8.777238 26.331715 13.813616 0.524600 -1.000000 0.762300 0.000000 0.000000 0.000000 0.000000 0.000000 0.000000 0.000000 0.000000 24000000
8.777238 26.331715 13.813616 0.524600 -1.000000 0.762300 0.000000 0.000000 0.000000 0.000000 0.000000 0.000000 0.000000 0.000000 25000000
8.777238 26.331715 13.813616 0.524600 -1.000000 0.762300 0.000000 0.000000 0.000000 0.000000 0.000000 0.000000 0.000000 0.000000 26000000
8.777238 26.331715 13.813616 0.524600 -1.000000 0.762300 0.000000 0.000000 0.000000 0.000000 0.000000 0.000000 0.000000 0.000000 27000000
12.048916 40.780158 8.421428 0.183015 -0.606808 0.195904 1.544470 4.633411 5.234761 0.958041 0.023493 0.398015 0.398015 0.199008 28000000
12.894117 38.084943 10.086329 0.270157 -0.755836 0.401439 0.199136 0.597408 0.749846 0.202576 0.005319 0.223114 0.223114 0.111557 29000000
11.229975 33.622379 13.297513 0.396006 -0.865612 0.564966 0.022515 0.067546 0.043288 0.017142 0.000510 0.131687 0.131687 0.065843 30000000
11.226978 33.674851 13.290793 0.395180 -0.870459 0.568918 0.002027 0.006082 0.042578 0.016826 0.000500 0.127802 0.127802 0.063901 31000000
11.218512 33.684672 13.296107 0.394916 -0.871969 0.567273 0.009711 0.029134 0.016493 0.006513 0.000193 0.132339 0.132339 0.066169 32000000
11.225199 33.665479 13.307363 0.395106 -0.868460 0.565734 0.003373 0.010118 0.014972 0.005915 0.000176 0.132099 0.132099 0.066050 33000000
11.223999 33.662802 13.299618 0.394491 -0.872523 0.568286 0.003065 0.009194 0.050551 0.019942 0.000592 0.130441 0.130441 0.065221 34000000
11.222830 33.654329 13.310729 0.396449 -0.871267 0.567412 0.004720 0.014161 0.079446 0.031496 0.000936 0.132893 0.132893 0.066446 35000000
11.220802 33.695942 13.293902 0.394104 -0.872396 0.566315 0.011179 0.033537 0.036063 0.014212 0.000422 0.133868 0.133868 0.066934 36000000
11.246938 33.694262 13.270723 0.396003 -0.867516 0.566514 0.015518 0.046553 0.182627 0.072321 0.002146 0.130492 0.130492 0.065246 37000000
11.231780 33.710100 13.288785 0.394935 -0.865467 0.565930 0.004920 0.014761 0.062030 0.024498 0.000727 0.128542 0.128542 0.064271 38000000
11.223178 33.664831 13.324168 0.395148 -0.869289 0.567191 0.001568 0.004703 0.054604 0.021577 0.000641 0.130055 0.130055 0.065027 39000000
11.216468 33.633187 13.359126 0.399571 -0.868271 0.567549 0.005406 0.016217 0.199553 0.079736 0.002371 0.132745 0.132745 0.066373 40000000
11.223934 33.724855 13.320910 0.392625 -0.866277 0.567202 0.017684 0.053053 0.202925 0.079673 0.002362 0.124498 0.124498 0.062249 41000000
11.250893 33.768090 13.284563 0.395788 -0.870961 0.567351 0.005137 0.015411 0.203283 0.080457 0.002383 0.132048 0.132048 0.066024 42000000
11.241472 33.704307 13.332102 0.395091 -0.867834 0.566438 0.006703 0.020110 0.040039 0.015819 0.000469 0.130049 0.130049 0.065024 43000000
11.237934 33.729687 13.326893 0.393288 -0.870213 0.566276 0.005295 0.015886 0.156180 0.061424 0.001821 0.130949 0.130949 0.065474 44000000
11.232940 33.692003 13.336072 0.394896 -0.870463 0.567988 0.002273 0.006818 0.079116 0.031242 0.000927 0.129383 0.129383 0.064692 45000000
11.234177 33.720778 13.323429 0.395804 -0.871129 0.568719 0.006083 0.018249 0.059071 0.023380 0.000693 0.129495 0.129495 0.064748 46000000
11.253043 33.724217 13.298702 0.394754 -0.867508 0.568191 0.011638 0.034914 0.035594 0.014051 0.000417 0.125880 0.125880 0.062940 47000000
11.248055 33.723739 13.312076 0.396471 -0.869234 0.566855 0.006808 0.020425 0.147321 0.058409 0.001732 0.131995 0.131995 0.065997 48000000
11.246511 33.737838 13.311149 0.392545 -0.875013 0.569260 0.000565 0.001696 0.172057 0.067540 0.002002 0.129038 0.129038 0.064519 49000000
11.251288 33.710444 13.325900 0.396450 -0.865745 0.565823 0.014473 0.043419 0.097381 0.038607 0.001145 0.130548 0.130548 0.065274 50000000
11.232538 33.686568 13.356942 0.395883 -0.869998 0.568154 0.003682 0.011045 0.053014 0.020987 0.000623 0.129573 0.129573 0.064786 51000000
11.251833 33.758191 13.311302 0.394187 -0.867723 0.566237 0.000897 0.002690 0.010800 0.004257 0.000126 0.129437 0.129437 0.064719 52000000
11.260577 33.779265 13.293714 0.393241 -0.873571 0.566679 0.000822 0.002465 0.026214 0.010308 0.000305 0.133455 0.133455 0.066727 53000000
11.263300 33.767975 13.297213 0.393445 -0.869071 0.566112 0.007309 0.021926 0.028887 0.011366 0.000337 0.130292 0.130292 0.065146 54000000
11.270098 33.847679 13.269601 0.391485 -0.867653 0.564848 0.012462 0.037385 0.047866 0.018739 0.000554 0.129443 0.129443 0.064721 55000000
11.264243 33.787367 13.312693 0.394070 -0.872471 0.567150 0.001788 0.005363 0.004786 0.001886 0.000056 0.132240 0.132240 0.066120 56000000
11.270427 33.795710 13.293886 0.393480 -0.871736 0.568591 0.005191 0.015572 0.010320 0.004061 0.000120 0.128033 0.128033 0.064017 57000000
11.223728 33.664781 13.409784 0.398777 -0.868521 0.568683 0.002134 0.006402 0.037516 0.014961 0.000444 0.129932 0.129932 0.064966 58000000
11.258686 33.770020 13.338428 0.396556 -0.871064 0.567904 0.002013 0.006039 0.134357 0.053280 0.001578 0.131812 0.131812 0.065906 59000000
11.271333 33.818739 13.313012 0.393714 -0.872539 0.568356 0.001580 0.004741 0.004822 0.001899 0.000056 0.129541 0.129541 0.064770 60000000
11.272297 33.843638 13.304805 0.392887 -0.873421 0.568341 0.008916 0.026749 0.020594 0.008091 0.000239 0.129625 0.129625 0.064813 61000000
11.247001 33.766896 13.359571 0.395091 -0.872810 0.567303 0.008631 0.025894 0.046989 0.018565 0.000550 0.133295 0.133295 0.066648 62000000
11.282879 33.859375 13.289273 0.393970 -0.866603 0.566480 0.003579 0.010738 0.127684 0.050304 0.001486 0.127613 0.127613 0.063806 63000000
11.282629 33.900878 13.274902 0.391201 -0.870517 0.565835 0.017664 0.052992 0.032840 0.012847 0.000379 0.130049 0.130049 0.065024 64000000
11.256385 33.792944 13.366483 0.394213 -0.866954 0.567171 0.007930 0.023791 0.113848 0.044880 0.001328 0.126825 0.126825 0.063412 65000000
11.252385 33.741890 13.398265 0.397530 -0.871550 0.567872 0.005089 0.015266 0.038075 0.015136 0.000449 0.133337 0.133337 0.066669 66000000
11.252036 33.784220 13.387760 0.394525 -0.871722 0.568166 0.009371 0.028112 0.149613 0.059026 0.001747 0.129916 0.129916 0.064958 67000000
11.285187 33.884343 13.314942 0.392304 -0.867103 0.565532 0.009594 0.028781 0.056064 0.021994 0.000649 0.128341 0.128341 0.064171 68000000
11.248298 33.724275 13.433077 0.398204 -0.869453 0.568645 0.006873 0.020618 0.009880 0.003934 0.000117 0.130367 0.130367 0.065183 69000000
11.275857 33.837571 13.360754 0.394013 -0.867154 0.566816 0.003333 0.010000 0.071867 0.028316 0.000837 0.127535 0.127535 0.063768 70000000
11.288237 33.840455 13.351780 0.394733 -0.871367 0.566901 0.008085 0.024255 0.015596 0.006156 0.000182 0.132298 0.132298 0.066149 71000000
11.262631 33.793754 13.399154 0.395773 -0.868632 0.567399 0.001954 0.005861 0.061913 0.024503 0.000725 0.129606 0.129606 0.064803 72000000
11.298718 33.869375 13.334506 0.394597 -0.872606 0.567944 0.008926 0.026779 0.076673 0.030255 0.000893 0.131315 0.131315 0.065657 73000000
11.307075 33.899245 13.329143 0.391698 -0.870168 0.568043 0.007327 0.021980 0.129919 0.050889 0.001501 0.125780 0.125780 0.062890 74000000
11.300902 33.921617 13.336052 0.392317 -0.871305 0.566626 0.006303 0.018910 0.071409 0.028015 0.000826 0.130371 0.130371 0.065185 75000000
11.293231 33.847650 13.384883 0.397959 -0.868837 0.568372 0.010681 0.032043 0.213800 0.085084 0.002514 0.130052 0.130052 0.065026 76000000
11.289768 33.852849 13.401362 0.397355 -0.870325 0.567290 0.005485 0.016454 0.126444 0.050243 0.001484 0.133100 0.133100 0.066550 77000000
11.306774 33.904685 13.365006 0.393710 -0.871282 0.567665 0.005212 0.015637 0.041629 0.016390 0.000483 0.129662 0.129662 0.064831 78000000
11.303679 33.946368 13.357316 0.393080 -0.870731 0.567850 0.011777 0.035330 0.034829 0.013690 0.000403 0.128111 0.128111 0.064055 79000000
11.280227 33.850969 13.436225 0.395030 -0.872448 0.570397 0.003429 0.010287 0.162217 0.064081 0.001893 0.126683 0.126683 0.063342 80000000
11.303213 33.918494 13.371547 0.395789 -0.871478 0.568455 0.002951 0.008854 0.133931 0.053009 0.001563 0.130357 0.130357 0.065178 81000000
11.292600 33.836897 13.425936 0.397419 -0.869407 0.567952 0.013634 0.040902 0.054068 0.021487 0.000635 0.130922 0.130922 0.065461 82000000
11.288894 33.840760 13.434187 0.396989 -0.866020 0.566883 0.008641 0.025922 0.000569 0.000226 0.000007 0.129244 0.129244 0.064622 83000000
11.296895 33.884017 13.416789 0.395332 -0.871911 0.566912 0.002223 0.006669 0.054003 0.021349 0.000630 0.133419 0.133419 0.066710 84000000
11.304585 33.890971 13.406729 0.395267 -0.871560 0.567322 0.007594 0.022782 0.027215 0.010757 0.000317 0.132183 0.132183 0.066091 85000000
11.316662 33.922751 13.391270 0.395772 -0.866576 0.565567 0.009078 0.027234 0.086915 0.034399 0.001014 0.131214 0.131214 0.065607 86000000
11.302834 33.933297 13.409497 0.397215 -0.870750 0.568499 0.008265 0.024795 0.174526 0.069324 0.002043 0.130968 0.130968 0.065484 87000000
11.310449 33.940623 13.402131 0.392518 -0.873474 0.567698 0.003092 0.009277 0.203405 0.079840 0.002352 0.130596 0.130596 0.065298 88000000
11.306972 33.892671 13.428241 0.397937 -0.869534 0.567958 0.009415 0.028244 0.148070 0.058923 0.001739 0.131556 0.131556 0.065778 89000000
11.304447 33.934199 13.420716 0.394547 -0.868233 0.566391 0.006953 0.020859 0.081348 0.032096 0.000946 0.129997 0.129997 0.064999 90000000
11.303055 33.924666 13.422782 0.394787 -0.873025 0.568039 0.005167 0.015500 0.075416 0.029773 0.000878 0.131733 0.131733 0.065867 91000000
11.309407 33.906138 13.434777 0.397846 -0.868510 0.567002 0.007361 0.022082 0.137355 0.054646 0.001612 0.132352 0.132352 0.066176 92000000
11.340985 34.020082 13.361365 0.393388 -0.870027 0.567963 0.000958 0.002873 0.055216 0.021721 0.000638 0.127488 0.127488 0.063744 93000000
11.337084 34.000462 13.367144 0.393623 -0.869651 0.568023 0.003596 0.010789 0.041197 0.016216 0.000477 0.127228 0.127228 0.063614 94000000
11.332433 33.958729 13.403628 0.395989 -0.872546 0.568159 0.012857 0.038572 0.110216 0.043644 0.001285 0.132217 0.132217 0.066109 95000000
11.325750 33.932999 13.423903 0.395876 -0.867337 0.566929 0.014750 0.044250 0.023647 0.009361 0.000276 0.129356 0.129356 0.064678 96000000
11.336499 34.011774 13.384932 0.394641 -0.872648 0.568312 0.000759 0.002278 0.095022 0.037500 0.001103 0.130664 0.130664 0.065332 97000000
11.332548 33.951882 13.421414 0.397286 -0.869634 0.568030 0.015254 0.045763 0.169141 0.067197 0.001979 0.130861 0.130861 0.065430 98000000
11.309482 33.928543 13.462197 0.397255 -0.865799 0.567709 0.000032 0.000096 0.040467 0.016076 0.000474 0.127636 0.127636 0.063818 99000000
11.307509 33.928821 13.469345 0.395959 -0.869373 0.567937 0.002099 0.006296 0.088176 0.034914 0.001029 0.129458 0.129458 0.064729 100000000
11.335032 33.992983 13.405124 0.393809 -0.870468 0.566520 0.004038 0.012114 0.046715 0.018397 0.000541 0.131237 0.131237 0.065618 101000000
11.323603 34.002108 13.426029 0.394497 -0.871504 0.566005 0.010433 0.031299 0.031176 0.012299 0.000362 0.133990 0.133990 0.066995 102000000
11.311463 33.933039 13.452095 0.395868 -0.870484 0.568091 0.000451 0.001352 0.048194 0.019078 0.000562 0.130170 0.130170 0.065085 103000000
11.329892 33.984103 13.412173 0.394847 -0.870032 0.566623 0.001857 0.005572 0.016098 0.006356 0.000187 0.131634 0.131634 0.065817 104000000
11.317346 33.942895 13.447776 0.398244 -0.870871 0.569692 0.003048 0.009143 0.175183 0.069765 0.002055 0.129730 0.129730 0.064865 105000000
11.329564 33.968813 13.426485 0.395271 -0.871660 0.568464 0.006627 0.019880 0.001018 0.000403 0.000012 0.130003 0.130003 0.065001 106000000
11.339452 34.023517 13.403525 0.393213 -0.871885 0.567584 0.001720 0.005160 0.063632 0.025021 0.000735 0.129930 0.129930 0.064965 107000000
11.338512 34.029943 13.402833 0.394207 -0.865881 0.565327 0.004802 0.014407 0.030483 0.012017 0.000353 0.129434 0.129434 0.064717 108000000
11.330449 33.966342 13.433545 0.394999 -0.872355 0.567360 0.008335 0.025006 0.042688 0.016862 0.000496 0.132634 0.132634 0.066317 109000000
11.354206 34.066935 13.377120 0.392367 -0.870576 0.566108 0.001439 0.004317 0.026439 0.010374 0.000305 0.130727 0.130727 0.065363 110000000
11.339973 33.987803 13.430864 0.396531 -0.865524 0.566681 0.010705 0.032114 0.116903 0.046356 0.001364 0.128694 0.128694 0.064347 111000000
11.328661 33.961745 13.459281 0.398027 -0.869083 0.567769 0.008079 0.024238 0.146708 0.058394 0.001719 0.131571 0.131571 0.065785 112000000
11.354993 34.053203 13.392212 0.393843 -0.875973 0.568486 0.003925 0.011776 0.049245 0.019395 0.000570 0.132844 0.132844 0.066422 113000000
11.339421 34.036449 13.418541 0.393292 -0.871107 0.567875 0.006062 0.018187 0.082063 0.032275 0.000948 0.128649 0.128649 0.064325 114000000
11.313809 33.986384 13.477303 0.395222 -0.867655 0.566607 0.014985 0.044956 0.114197 0.045133 0.001328 0.129663 0.129663 0.064832 115000000
11.320559 33.957435 13.481254 0.397508 -0.870441 0.568791 0.001414 0.004243 0.043041 0.017109 0.000504 0.130367 0.130367 0.065184 116000000
11.350098 34.039761 13.416207 0.394907 -0.869713 0.568096 0.003511 0.010534 0.066696 0.026339 0.000774 0.128428 0.128428 0.064214 117000000
11.353469 34.046426 13.415037 0.397227 -0.869709 0.566411 0.004661 0.013982 0.274669 0.109106 0.003205 0.134113 0.134113 0.067056 118000000
11.355857 34.059934 13.408408 0.393990 -0.873861 0.567220 0.002545 0.007636 0.027543 0.010852 0.000319 0.133411 0.133411 0.066706 119000000
11.349583 34.036496 13.431645 0.394573 -0.869909 0.569306 0.004084 0.012251 0.004495 0.001774 0.000052 0.125870 0.125870 0.062935 120000000
11.348008 34.019607 13.448633 0.394834 -0.868834 0.566179 0.008139 0.024416 0.041922 0.016552 0.000487 0.131308 0.131308 0.065654 121000000
11.340772 34.092225 13.443469 0.392781 -0.868029 0.565272 0.023303 0.069910 0.134187 0.052706 0.001546 0.130266 0.130266 0.065133 122000000
11.349051 34.047664 13.458429 0.395349 -0.873104 0.569488 0.000170 0.000510 0.005741 0.002270 0.000067 0.129477 0.129477 0.064738 123000000
11.358380 34.080946 13.437241 0.392736 -0.867145 0.564808 0.001936 0.005807 0.133478 0.052422 0.001538 0.130266 0.130266 0.065133 124000000
11.372532 34.101965 13.414532 0.393687 -0.873385 0.568871 0.005211 0.015632 0.027902 0.010985 0.000322 0.129331 0.129331 0.064665 125000000
11.369339 34.123773 13.422843 0.392397 -0.874233 0.570510 0.005252 0.015757 0.083544 0.032782 0.000961 0.125609 0.125609 0.062804 126000000
11.373896 34.144983 13.415463 0.394451 -0.871596 0.567349 0.007765 0.023296 0.134522 0.053062 0.001554 0.131349 0.131349 0.065674 127000000
11.352846 34.037265 13.491361 0.396935 -0.869132 0.568216 0.007091 0.021272 0.048433 0.019225 0.000565 0.129635 0.129635 0.064818 128000000
11.366631 34.054958 13.461655 0.396216 -0.869338 0.567690 0.014978 0.044934 0.079422 0.031468 0.000924 0.130174 0.130174 0.065087 129000000
11.341526 34.017262 13.513996 0.397931 -0.869969 0.567390 0.002438 0.007315 0.056599 0.022522 0.000662 0.133119 0.133119 0.066560 130000000
11.343463 34.040290 13.492047 0.395072 -0.872456 0.568515 0.003300 0.009901 0.110552 0.043676 0.001283 0.130498 0.130498 0.065249 131000000
11.331126 34.012766 13.511378 0.394709 -0.870419 0.568075 0.006463 0.019388 0.218433 0.086218 0.002535 0.128978 0.128978 0.064489 132000000
11.340518 34.032268 13.495789 0.396287 -0.869469 0.567711 0.003572 0.010715 0.023322 0.009242 0.000272 0.130334 0.130334 0.065167 133000000
11.368676 34.086279 13.449361 0.395964 -0.867745 0.568797 0.006583 0.019748 0.120166 0.047581 0.001396 0.126116 0.126116 0.063058 134000000
11.367081 34.081507 13.451684 0.397115 -0.869266 0.568713 0.006578 0.019735 0.207988 0.082595 0.002423 0.128955 0.128955 0.064478 135000000
11.342858 34.024027 13.496897 0.396916 -0.872559 0.567565 0.001516 0.004547 0.019642 0.007796 0.000229 0.134346 0.134346 0.067173 136000000
11.368026 34.124361 13.444125 0.392064 -0.872307 0.568830 0.006761 0.020283 0.166308 0.065203 0.001911 0.126710 0.126710 0.063355 137000000
15.385714 49.014350 7.475991 0.136563 -0.952944 0.525788 0.952402 2.857207 5.729497 0.782438 0.015963 0.037932 0.037932 0.018966 138000000
48.986037 148.535943 0.977595 0.006444 -0.999637 0.502885 0.525944 1.577832 3.167781 0.020414 0.000137 0.000312 0.000312 0.000156 139000000
52.710294 158.149931 0.855666 0.005409 -0.999997 0.502702 0.006350 0.019049 0.034819 0.000188 0.000001 0.000003 0.000003 0.000001 140000000
52.748907 158.246891 0.854536 0.005400 -1.000000 0.502700 0.000057 0.000171 0.000318 0.000002 0.000000 0.000000 0.000000 0.000000 141000000
52.749228 158.247684 0.854526 0.005400 -1.000000 0.502700 0.000000 0.000000 0.000000 0.000000 0.000000 0.000000 0.000000 0.000000 142000000
52.749228 158.247684 0.854526 0.005400 -1.000000 0.502700 0.000000 0.000000 0.000000 0.000000 0.000000 0.000000 0.000000 0.000000 143000000
52.749228 158.247684 0.854526 0.005400 -1.000000 0.502700 0.000000 0.000000 0.000000 0.000000 0.000000 0.000000 0.000000 0.000000 144000000
52.749228 158.247684 0.854526 0.005400 -1.000000 0.502700 0.000000 0.000000 0.000000 0.000000 0.000000 0.000000 0.000000 0.000000 145000000
52.749228 158.247684 0.854526 0.005400 -1.000000 0.502700 0.000000 0.000000 0.000000 0.000000 0.000000 0.000000 0.000000 0.000000 146000000
52.749228 158.247684 0.854526 0.005400 -1.000000 0.502700 0.000000 0.000000 0.000000 0.000000 0.000000 0.000000 0.000000 0.000000 147000000
52.749228 158.247684 0.854526 0.005400 -1.000000 0.502700 0.000000 0.000000 0.000000 0.000000 0.000000 0.000000 0.000000 0.000000 148000000
52.749228 158.247684 0.854526 0.005400 -1.000000 0.502700 0.000000 0.000000 0.000000 0.000000 0.000000 0.000000 0.000000 0.000000 149000000
52.749228 158.247684 0.854526 0.005400 -1.000000 0.502700 0.000000 0.000000 0.000000 0.000000 0.000000 0.000000 0.000000 0.000000 150000000
52.749228 158.247684 0.854526 0.005400 -1.000000 0.502700 0.000000 0.000000 0.000000 0.000000 0.000000 0.000000 0.000000 0.000000 151000000
52.749228 158.247684 0.854526 0.005400 -1.000000 0.502700 0.000000 0.000000 0.000000 0.000000 0.000000 0.000000 0.000000 0.000000 152000000
52.749228 158.247684 0.854526 0.005400 -1.000000 0.502700 0.000000 0.000000 0.000000 0.000000 0.000000 0.000000 0.000000 0.000000 153000000
