0.193001 0.579004 0.741848 1.281250 0.111887 0.584681 0.000000 0.000000 0.000000 0.000000 0.000000 0.000000 0.000000 0.000000 1000000
0.193001 0.579004 0.741848 1.281250 0.111887 0.584681 0.000000 0.000000 0.000000 0.000000 0.000000 0.000000 0.000000 0.000000 2000000
0.193001 0.579004 0.741848 1.281250 0.111887 0.584681 0.000000 0.000000 0.000000 0.000000 0.000000 0.000000 0.000000 0.000000 3000000
0.193001 0.579004 0.741848 1.281250 0.111887 0.584681 0.000000 0.000000 0.000000 0.000000 0.000000 0.000000 0.000000 0.000000 4000000
0.193001 0.579004 0.741848 1.281250 0.111887 0.584681 0.000000 0.000000 0.000000 0.000000 0.000000 0.000000 0.000000 0.000000 5000000
0.193001 0.579004 0.741848 1.281250 0.111887 0.584681 0.000000 0.000000 0.000000 0.000000 0.000000 0.000000 0.000000 0.000000 6000000
0.000479 0.000990 0.065593 55.029112 25.408925 13.052307 0.000149 0.000448 0.000202 0.011134 11.250637 3.515573 3.515573 1.757786 7000000
0.000033 0.000100 0.015874 158.509028 78.731174 39.880862 0.000000 0.000000 0.000000 0.000004 0.041311 0.016130 0.016130 0.008065 8000000
0.000033 0.000100 0.015860 158.596273 78.782470 39.906900 0.000000 0.000000 0.000000 0.000000 0.000006 0.000002 0.000002 0.000001 9000000
0.000033 0.000100 0.015860 158.596284 78.782477 39.906904 0.000000 0.000000 0.000000 0.000000 0.000000 0.000000 0.000000 0.000000 10000000
0.000033 0.000100 0.015860 158.596284 78.782477 39.906904 0.000000 0.000000 0.000000 0.000000 0.000000 0.000000 0.000000 0.000000 11000000
0.192748 0.720869 40.719730 64.716247 34.655171 17.497279 0.047542 0.142626 0.091665 5.932229 8.229270 4.933481 4.933481 2.466740 12000000
0.333313 0.999957 54.932649 54.935519 27.392240 13.771738 0.000006 0.000018 0.000010 0.000526 0.000526 0.000198 0.000198 0.000099 13000000
0.333333 1.000000 54.934412 54.934415 27.391587 13.771414 0.000000 0.000000 0.000000 0.000000 0.000000 0.000000 0.000000 0.000000 14000000
0.333333 1.000000 54.934412 54.934415 27.391587 13.771414 0.000000 0.000000 0.000000 0.000000 0.000000 0.000000 0.000000 0.000000 15000000
0.333333 1.000000 54.934412 54.934415 27.391587 13.771414 0.000000 0.000000 0.000000 0.000000 0.000000 0.000000 0.000000 0.000000 16000000
0.333333 1.000000 54.934412 54.934415 27.391587 13.771414 0.000000 0.000000 0.000000 0.000000 0.000000 0.000000 0.000000 0.000000 17000000
0.333333 1.000000 54.934412 54.934415 27.391587 13.771414 0.000000 0.000000 0.000000 0.000000 0.000000 0.000000 0.000000 0.000000 18000000
0.333333 1.000000 54.934412 54.934415 27.391587 13.771414 0.000000 0.000000 0.000000 0.000000 0.000000 0.000000 0.000000 0.000000 19000000
0.333333 1.000000 54.934412 54.934415 27.391587 13.771414 0.000000 0.000000 0.000000 0.000000 0.000000 0.000000 0.000000 0.000000 20000000
0.233850 0.698666 0.106178 0.260357 0.002480 0.148403 0.000962 0.002885 0.290850 0.075725 0.108385 0.038930 0.038930 0.019465 21000000
0.341966 1.021387 0.485198 0.469334 0.085163 0.191090 0.001503 0.004510 0.012415 0.005827 0.005705 0.001990 0.001990 0.000995 22000000
0.333397 1.000158 0.491941 0.491814 0.097380 0.197209 0.000011 0.000033 0.000100 0.000049 0.000049 0.000017 0.000017 0.000008 23000000
0.333334 1.000001 0.492000 0.491999 0.097480 0.197259 0.000000 0.000000 0.000001 0.000000 0.000000 0.000000 0.000000 0.000000 24000000
4.001726 7.863929 0.471470 0.058422 -0.128698 0.088461 1.380416 4.141248 0.206077 0.012040 0.001531 0.010199 0.010199 0.005099 25000000
0.337631 1.010047 0.489011 0.481548 0.088239 0.196245 0.000949 0.002846 0.005453 0.002626 0.002600 0.000818 0.000818 0.000409 26000000
0.331532 0.994578 0.494621 0.499990 0.097719 0.201155 0.000006 0.000018 0.005316 0.002658 0.002672 0.000039 0.000039 0.000019 27000000
0.329764 0.989426 0.497249 0.508311 0.101714 0.203256 0.000045 0.000135 0.011188 0.005687 0.005748 0.000085 0.000085 0.000043 28000000
0.329855 0.989594 0.497447 0.508084 0.101661 0.203222 0.000010 0.000029 0.010531 0.005351 0.005407 0.000022 0.000022 0.000011 29000000
0.329759 0.989405 0.497478 0.508281 0.101744 0.203265 0.000043 0.000129 0.010659 0.005418 0.005476 0.000007 0.000007 0.000004 30000000
0.329804 0.989249 0.497483 0.508292 0.101780 0.203279 0.000054 0.000163 0.010514 0.005344 0.005402 0.000045 0.000045 0.000023 31000000
0.329810 0.989307 0.497467 0.508216 0.101726 0.203248 0.000041 0.000123 0.010456 0.005314 0.005371 0.000007 0.000007 0.000004 32000000
0.329834 0.989555 0.497393 0.508085 0.101668 0.203215 0.000018 0.000053 0.010598 0.005385 0.005442 0.000013 0.000013 0.000007 33000000
0.329732 0.989124 0.497496 0.508417 0.101799 0.203278 0.000024 0.000073 0.010604 0.005391 0.005450 0.000062 0.000062 0.000031 34000000
0.329828 0.989422 0.497311 0.508151 0.101712 0.203227 0.000020 0.000061 0.010755 0.005465 0.005524 0.000014 0.000014 0.000007 35000000
0.329767 0.989447 0.497346 0.508217 0.101727 0.203233 0.000049 0.000146 0.010836 0.005507 0.005566 0.000023 0.000023 0.000012 36000000
0.329784 0.989334 0.497368 0.508300 0.101753 0.203246 0.000005 0.000016 0.010840 0.005510 0.005569 0.000056 0.000056 0.000028 37000000
0.329790 0.989510 0.497527 0.508216 0.101731 0.203240 0.000047 0.000142 0.010541 0.005357 0.005414 0.000004 0.000004 0.000002 38000000
0.329804 0.989287 0.497372 0.508218 0.101744 0.203243 0.000042 0.000125 0.010627 0.005401 0.005459 0.000014 0.000014 0.000007 39000000
0.329798 0.989190 0.497191 0.508240 0.101730 0.203233 0.000069 0.000206 0.010929 0.005555 0.005615 0.000044 0.000044 0.000022 40000000
0.329821 0.989502 0.497336 0.508203 0.101741 0.203241 0.000013 0.000039 0.010885 0.005532 0.005590 0.000019 0.000019 0.000010 41000000
0.329803 0.989476 0.497483 0.508260 0.101761 0.203249 0.000022 0.000066 0.010679 0.005428 0.005485 0.000000 0.000000 0.000000 42000000
0.329796 0.989561 0.497564 0.508238 0.101773 0.203252 0.000058 0.000173 0.010564 0.005369 0.005425 0.000038 0.000038 0.000019 43000000
0.329785 0.989353 0.497330 0.508249 0.101745 0.203238 0.000001 0.000002 0.010836 0.005508 0.005567 0.000028 0.000028 0.000014 44000000
0.329720 0.989030 0.497337 0.508193 0.101774 0.203254 0.000043 0.000130 0.010392 0.005281 0.005340 0.000090 0.000090 0.000045 45000000
0.329790 0.989319 0.497376 0.508241 0.101774 0.203247 0.000017 0.000052 0.010696 0.005436 0.005495 0.000027 0.000027 0.000014 46000000
0.329812 0.989596 0.497364 0.508184 0.101760 0.203236 0.000053 0.000160 0.010887 0.005533 0.005591 0.000049 0.000049 0.000024 47000000
0.329805 0.989506 0.497488 0.508104 0.101731 0.203221 0.000030 0.000090 0.010399 0.005284 0.005340 0.000068 0.000068 0.000034 48000000
0.329793 0.989469 0.497398 0.508175 0.101753 0.203227 0.000030 0.000091 0.010677 0.005426 0.005484 0.000032 0.000032 0.000016 49000000
0.329823 0.989417 0.497287 0.508184 0.101716 0.203208 0.000017 0.000051 0.010860 0.005519 0.005578 0.000052 0.000052 0.000026 50000000
0.329746 0.989259 0.497422 0.508324 0.101791 0.203245 0.000007 0.000020 0.010705 0.005442 0.005501 0.000042 0.000042 0.000021 51000000
0.329797 0.989368 0.497462 0.508301 0.101777 0.203239 0.000007 0.000022 0.010694 0.005436 0.005494 0.000046 0.000046 0.000023 52000000
0.329817 0.989388 0.497419 0.508168 0.101755 0.203223 0.000021 0.000063 0.010540 0.005356 0.005414 0.000032 0.000032 0.000016 53000000
0.329766 0.989255 0.497446 0.508245 0.101769 0.203231 0.000015 0.000044 0.010503 0.005338 0.005396 0.000015 0.000015 0.000007 54000000
0.329821 0.989460 0.497334 0.508232 0.101780 0.203234 0.000001 0.000004 0.010902 0.005541 0.005600 0.000016 0.000016 0.000008 55000000
0.329791 0.989467 0.497478 0.508281 0.101769 0.203234 0.000032 0.000095 0.010722 0.005450 0.005508 0.000044 0.000044 0.000022 56000000
0.329798 0.989436 0.497488 0.508185 0.101752 0.203226 0.000014 0.000042 0.010486 0.005329 0.005386 0.000019 0.000019 0.000009 57000000
0.329814 0.989488 0.497323 0.508231 0.101735 0.203215 0.000015 0.000045 0.010950 0.005565 0.005624 0.000066 0.000066 0.000033 58000000
0.329760 0.989335 0.497516 0.508276 0.101791 0.203254 0.000018 0.000055 0.010504 0.005339 0.005396 0.000022 0.000022 0.000011 59000000
0.329783 0.989276 0.497334 0.508225 0.101730 0.203225 0.000024 0.000072 0.010706 0.005441 0.005500 0.000044 0.000044 0.000022 60000000
0.329782 0.989267 0.497339 0.508210 0.101748 0.203235 0.000027 0.000080 0.010657 0.005416 0.005475 0.000009 0.000009 0.000005 61000000
0.329781 0.989339 0.497400 0.508214 0.101744 0.203240 0.000001 0.000003 0.010617 0.005396 0.005454 0.000011 0.000011 0.000005 62000000
0.329799 0.989651 0.497450 0.508201 0.101729 0.203231 0.000085 0.000254 0.010807 0.005492 0.005550 0.000010 0.000010 0.000005 63000000
0.329828 0.989583 0.497423 0.508106 0.101702 0.203221 0.000033 0.000100 0.010609 0.005390 0.005447 0.000037 0.000037 0.000019 64000000
0.329728 0.989180 0.497284 0.508333 0.101772 0.203254 0.000001 0.000003 0.010916 0.005549 0.005609 0.000053 0.000053 0.000026 65000000
0.329773 0.989335 0.497472 0.508276 0.101745 0.203236 0.000005 0.000016 0.010591 0.005383 0.005441 0.000058 0.000058 0.000029 66000000
0.329786 0.989432 0.497392 0.508167 0.101742 0.203233 0.000025 0.000074 0.010634 0.005404 0.005461 0.000042 0.000042 0.000021 67000000
0.329818 0.989272 0.497360 0.508210 0.101746 0.203237 0.000060 0.000181 0.010621 0.005397 0.005456 0.000011 0.000011 0.000005 68000000
0.329841 0.989609 0.497521 0.508247 0.101767 0.203241 0.000029 0.000087 0.010713 0.005445 0.005502 0.000001 0.000001 0.000001 69000000
0.329842 0.989308 0.497442 0.508170 0.101739 0.203227 0.000073 0.000218 0.010420 0.005295 0.005352 0.000023 0.000023 0.000011 70000000
0.329765 0.989363 0.497297 0.508222 0.101785 0.203251 0.000022 0.000067 0.010860 0.005519 0.005578 0.000065 0.000065 0.000033 71000000
0.329811 0.989316 0.497383 0.508184 0.101728 0.203225 0.000038 0.000115 0.010569 0.005371 0.005429 0.000006 0.000006 0.000003 72000000
0.329796 0.989204 0.497308 0.508227 0.101749 0.203236 0.000061 0.000183 0.010690 0.005433 0.005492 0.000006 0.000006 0.000003 73000000
0.329762 0.989163 0.497577 0.508363 0.101834 0.203279 0.000041 0.000123 0.010379 0.005277 0.005334 0.000028 0.000028 0.000014 74000000
0.329813 0.989530 0.497400 0.508272 0.101773 0.203249 0.000031 0.000092 0.010921 0.005551 0.005610 0.000001 0.000001 0.000000 75000000
0.329784 0.989397 0.497416 0.508186 0.101734 0.203231 0.000015 0.000045 0.010591 0.005382 0.005440 0.000009 0.000009 0.000005 76000000
0.329807 0.989336 0.497464 0.508276 0.101780 0.203253 0.000028 0.000085 0.010608 0.005392 0.005450 0.000011 0.000011 0.000005 77000000
0.329796 0.989464 0.497494 0.508294 0.101773 0.203252 0.000026 0.000077 0.010713 0.005445 0.005503 0.000018 0.000018 0.000009 78000000
0.329786 0.989477 0.497363 0.508144 0.101712 0.203217 0.000040 0.000119 0.010693 0.005434 0.005492 0.000003 0.000003 0.000001 79000000
0.329813 0.989529 0.497519 0.508255 0.101782 0.203249 0.000030 0.000090 0.010653 0.005414 0.005472 0.000025 0.000025 0.000012 80000000
0.329792 0.989362 0.497496 0.508374 0.101828 0.203272 0.000005 0.000014 0.010761 0.005470 0.005529 0.000003 0.000003 0.000001 81000000
0.329806 0.989535 0.497406 0.508191 0.101756 0.203237 0.000040 0.000119 0.010757 0.005467 0.005524 0.000040 0.000040 0.000020 82000000
0.329788 0.989420 0.497410 0.508235 0.101731 0.203233 0.000019 0.000057 0.010719 0.005448 0.005506 0.000038 0.000038 0.000019 83000000
0.329733 0.989299 0.497379 0.508177 0.101742 0.203237 0.000033 0.000100 0.010546 0.005359 0.005417 0.000038 0.000038 0.000019 84000000
0.329831 0.989526 0.497471 0.508203 0.101745 0.203241 0.000011 0.000032 0.010644 0.005409 0.005467 0.000024 0.000024 0.000012 85000000
0.329771 0.989439 0.497385 0.508151 0.101706 0.203218 0.000042 0.000127 0.010626 0.005400 0.005457 0.000009 0.000009 0.000004 86000000
0.329795 0.989498 0.497388 0.508265 0.101740 0.203239 0.000038 0.000113 0.010898 0.005539 0.005598 0.000047 0.000047 0.000024 87000000
0.329824 0.989342 0.497552 0.508233 0.101756 0.203240 0.000043 0.000129 0.010358 0.005264 0.005321 0.000004 0.000004 0.000002 88000000
0.329759 0.989316 0.497451 0.508382 0.101782 0.203252 0.000013 0.000039 0.010819 0.005500 0.005559 0.000096 0.000096 0.000048 89000000
0.329802 0.989471 0.497287 0.508119 0.101715 0.203219 0.000022 0.000065 0.010788 0.005482 0.005540 0.000033 0.000033 0.000016 90000000
0.329777 0.989344 0.497376 0.508200 0.101746 0.203230 0.000005 0.000014 0.010644 0.005409 0.005468 0.000006 0.000006 0.000003 91000000
0.329791 0.989161 0.497467 0.508271 0.101781 0.203237 0.000070 0.000211 0.010417 0.005295 0.005353 0.000015 0.000015 0.000008 92000000
0.329818 0.989562 0.497532 0.508332 0.101771 0.203235 0.000036 0.000109 0.010808 0.005494 0.005552 0.000090 0.000090 0.000045 93000000
0.329790 0.989389 0.497324 0.508173 0.101722 0.203212 0.000006 0.000019 0.010738 0.005457 0.005515 0.000027 0.000027 0.000013 94000000
0.329774 0.989265 0.497350 0.508146 0.101763 0.203231 0.000019 0.000057 0.010511 0.005341 0.005399 0.000078 0.000078 0.000039 95000000
0.329761 0.989158 0.497434 0.508294 0.101779 0.203243 0.000041 0.000124 0.010523 0.005349 0.005407 0.000029 0.000029 0.000015 96000000
0.329783 0.989385 0.497384 0.508111 0.101731 0.203214 0.000012 0.000035 0.010497 0.005334 0.005391 0.000049 0.000049 0.000024 97000000
0.329758 0.989523 0.497455 0.508261 0.101800 0.203248 0.000083 0.000248 0.010784 0.005481 0.005539 0.000036 0.000036 0.000018 98000000
0.329763 0.989197 0.497457 0.508274 0.101779 0.203237 0.000031 0.000093 0.010480 0.005327 0.005385 0.000021 0.000021 0.000011 99000000
0.329787 0.989262 0.497264 0.508235 0.101788 0.203230 0.000034 0.000101 0.010848 0.005513 0.005573 0.000013 0.000013 0.000007 100000000
0.329819 0.989514 0.497462 0.508148 0.101758 0.203216 0.000019 0.000058 0.010544 0.005358 0.005415 0.000043 0.000043 0.000021 101000000
0.329772 0.989345 0.497489 0.508314 0.101768 0.203222 0.000010 0.000029 0.010641 0.005409 0.005467 0.000101 0.000101 0.000051 102000000
0.329803 0.989389 0.497264 0.508240 0.101778 0.203224 0.000006 0.000019 0.010987 0.005584 0.005644 0.000014 0.000014 0.000007 103000000
0.329754 0.989293 0.497441 0.508284 0.101825 0.203247 0.000010 0.000031 0.010626 0.005401 0.005459 0.000035 0.000035 0.000018 104000000
0.329691 0.989048 0.497245 0.508171 0.101753 0.203218 0.000008 0.000024 0.010547 0.005360 0.005419 0.000018 0.000018 0.000009 105000000
0.329760 0.989170 0.497374 0.508245 0.101805 0.203242 0.000036 0.000109 0.010559 0.005366 0.005425 0.000044 0.000044 0.000022 106000000
0.329764 0.989302 0.497466 0.508264 0.101837 0.203257 0.000003 0.000010 0.010547 0.005361 0.005419 0.000086 0.000086 0.000043 107000000
0.329811 0.989416 0.497361 0.508189 0.101777 0.203227 0.000005 0.000016 0.010724 0.005450 0.005508 0.000041 0.000041 0.000020 108000000
0.329848 0.989375 0.497449 0.508194 0.101772 0.203219 0.000056 0.000169 0.010519 0.005346 0.005403 0.000016 0.000016 0.000008 109000000
0.329827 0.989335 0.497495 0.508342 0.101794 0.203230 0.000049 0.000146 0.010673 0.005425 0.005484 0.000088 0.000088 0.000044 110000000
0.329753 0.989353 0.497390 0.508225 0.101813 0.203237 0.000031 0.000093 0.010673 0.005424 0.005483 0.000061 0.000061 0.000031 111000000
0.329828 0.989444 0.497509 0.508191 0.101809 0.203235 0.000013 0.000039 0.010464 0.005318 0.005374 0.000088 0.000088 0.000044 112000000
0.329817 0.989372 0.497370 0.508089 0.101711 0.203190 0.000027 0.000081 0.010468 0.005318 0.005376 0.000002 0.000002 0.000001 113000000
0.329800 0.989513 0.497501 0.508212 0.101779 0.203220 0.000037 0.000112 0.010588 0.005381 0.005438 0.000006 0.000006 0.000003 114000000
0.329856 0.989612 0.497325 0.508042 0.101730 0.203187 0.000015 0.000044 0.010707 0.005440 0.005497 0.000063 0.000063 0.000031 115000000
0.329833 0.989591 0.497595 0.508156 0.101805 0.203222 0.000030 0.000091 0.010373 0.005271 0.005327 0.000094 0.000094 0.000047 116000000
0.329770 0.989262 0.497373 0.508192 0.101783 0.203211 0.000017 0.000050 0.010551 0.005362 0.005420 0.000013 0.000013 0.000006 117000000
0.329809 0.989187 0.497317 0.508184 0.101758 0.203194 0.000080 0.000241 0.010570 0.005372 0.005430 0.000037 0.000037 0.000019 118000000
0.329847 0.989594 0.497433 0.508189 0.101788 0.203202 0.000017 0.000052 0.010758 0.005467 0.005525 0.000003 0.000003 0.000002 119000000
0.329755 0.989303 0.497243 0.508226 0.101816 0.203213 0.000013 0.000040 0.010914 0.005547 0.005607 0.000016 0.000016 0.000008 120000000
0.329780 0.989201 0.497281 0.508185 0.101789 0.203193 0.000046 0.000139 0.010656 0.005415 0.005474 0.000010 0.000010 0.000005 121000000
0.329741 0.989103 0.497336 0.508289 0.101837 0.203215 0.000040 0.000119 0.010653 0.005415 0.005474 0.000022 0.000022 0.000011 122000000
0.329796 0.989350 0.497275 0.508144 0.101775 0.203182 0.000013 0.000039 0.010739 0.005457 0.005516 0.000004 0.000004 0.000002 123000000
0.329809 0.989214 0.497464 0.508384 0.101867 0.203230 0.000071 0.000212 0.010693 0.005436 0.005495 0.000056 0.000056 0.000028 124000000
0.329772 0.989255 0.497307 0.508321 0.101835 0.203219 0.000020 0.000061 0.010923 0.005552 0.005613 0.000049 0.000049 0.000025 125000000
0.329772 0.989401 0.497370 0.508243 0.101797 0.203205 0.000028 0.000084 0.010794 0.005486 0.005544 0.000036 0.000036 0.000018 126000000
0.329785 0.989410 0.497397 0.508135 0.101810 0.203215 0.000019 0.000057 0.010544 0.005358 0.005415 0.000104 0.000104 0.000052 127000000
0.329785 0.989404 0.497332 0.508164 0.101772 0.203198 0.000016 0.000049 0.010720 0.005447 0.005506 0.000005 0.000005 0.000003 128000000
0.329794 0.989200 0.497456 0.508261 0.101849 0.203236 0.000061 0.000183 0.010460 0.005316 0.005374 0.000059 0.000059 0.000030 129000000
0.329747 0.989315 0.497532 0.508316 0.101837 0.203238 0.000025 0.000075 0.010532 0.005353 0.005411 0.000003 0.000003 0.000001 130000000
0.329764 0.989409 0.497302 0.508287 0.101828 0.203233 0.000039 0.000118 0.011022 0.005602 0.005662 0.000007 0.000007 0.000003 131000000
0.329850 0.989627 0.497281 0.508221 0.101788 0.203214 0.000026 0.000077 0.011151 0.005667 0.005727 0.000005 0.000005 0.000002 132000000
0.329766 0.989138 0.497383 0.508185 0.101778 0.203207 0.000054 0.000161 0.010395 0.005283 0.005341 0.000007 0.000007 0.000004 133000000
0.329803 0.989337 0.497262 0.508161 0.101789 0.203217 0.000024 0.000073 0.010786 0.005481 0.005540 0.000063 0.000063 0.000031 134000000
0.329779 0.989299 0.497256 0.508122 0.101757 0.203208 0.000013 0.000039 0.010683 0.005428 0.005487 0.000053 0.000053 0.000026 135000000
0.329816 0.989306 0.497371 0.508242 0.101756 0.203202 0.000048 0.000143 0.010696 0.005436 0.005495 0.000081 0.000081 0.000041 136000000
0.329771 0.989304 0.497416 0.508117 0.101724 0.203183 0.000003 0.000010 0.010363 0.005266 0.005323 0.000028 0.000028 0.000014 137000000
0.329766 0.989367 0.497323 0.508165 0.101777 0.203205 0.000023 0.000068 0.010701 0.005438 0.005496 0.000021 0.000021 0.000011 138000000
0.329780 0.989400 0.497486 0.508293 0.101808 0.203223 0.000020 0.000061 0.010661 0.005419 0.005477 0.000038 0.000038 0.000019 139000000
0.329813 0.989506 0.497357 0.508219 0.101791 0.203216 0.000022 0.000066 0.010879 0.005529 0.005587 0.000003 0.000003 0.000001 140000000
0.329842 0.989496 0.497555 0.508223 0.101810 0.203223 0.000010 0.000030 0.010487 0.005330 0.005386 0.000032 0.000032 0.000016 141000000
0.329873 0.989698 0.497523 0.508178 0.101766 0.203202 0.000027 0.000080 0.010666 0.005420 0.005476 0.000007 0.000007 0.000004 142000000
0.329819 0.989417 0.497379 0.508203 0.101748 0.203186 0.000013 0.000039 0.010716 0.005446 0.005504 0.000084 0.000084 0.000042 143000000
0.329787 0.989268 0.497467 0.508223 0.101831 0.203225 0.000031 0.000093 0.010432 0.005302 0.005359 0.000058 0.000058 0.000029 144000000
0.329703 0.989079 0.497235 0.508261 0.101819 0.203211 0.000010 0.000029 0.010772 0.005475 0.005535 0.000020 0.000020 0.000010 145000000
0.329807 0.989417 0.497454 0.508266 0.101823 0.203214 0.000001 0.000003 0.010690 0.005433 0.005491 0.000015 0.000015 0.000007 146000000
0.329764 0.989202 0.497370 0.508349 0.101857 0.203226 0.000030 0.000091 0.010799 0.005490 0.005550 0.000040 0.000040 0.000020 147000000
0.329730 0.989090 0.497329 0.508234 0.101799 0.203197 0.000034 0.000101 0.010546 0.005360 0.005419 0.000040 0.000040 0.000020 148000000
0.329827 0.989466 0.497458 0.508234 0.101797 0.203200 0.000005 0.000014 0.010669 0.005422 0.005480 0.000037 0.000037 0.000019 149000000
0.329778 0.989415 0.497382 0.508203 0.101818 0.203209 0.000027 0.000081 0.010708 0.005442 0.005500 0.000033 0.000033 0.000017 150000000
0.329840 0.989578 0.497440 0.508193 0.101802 0.203195 0.000020 0.000059 0.010738 0.005457 0.005514 0.000002 0.000002 0.000001 151000000
0.329754 0.989329 0.497233 0.508043 0.101753 0.203172 0.000022 0.000066 0.010606 0.005388 0.005447 0.000055 0.000055 0.000027 152000000
0.329803 0.989455 0.497494 0.508305 0.101829 0.203214 0.000015 0.000045 0.010724 0.005451 0.005509 0.000049 0.000049 0.000025 153000000
0.329804 0.989446 0.497467 0.508232 0.101832 0.203218 0.000012 0.000035 0.010627 0.005401 0.005459 0.000036 0.000036 0.000018 154000000
0.329821 0.989225 0.497376 0.508248 0.101797 0.203196 0.000080 0.000239 0.010616 0.005396 0.005455 0.000060 0.000060 0.000030 155000000
0.329802 0.989602 0.497431 0.508006 0.101720 0.203163 0.000065 0.000196 0.010418 0.005292 0.005348 0.000041 0.000041 0.000021 156000000
0.329705 0.989005 0.497338 0.508246 0.101830 0.203224 0.000037 0.000110 0.010467 0.005320 0.005379 0.000032 0.000032 0.000016 157000000
0.329755 0.989315 0.497544 0.508415 0.101860 0.203236 0.000016 0.000049 0.010697 0.005438 0.005497 0.000084 0.000084 0.000042 158000000
0.329823 0.989587 0.497403 0.508180 0.101765 0.203186 0.000040 0.000119 0.010792 0.005484 0.005542 0.000043 0.000043 0.000021 159000000
0.329792 0.989577 0.497322 0.508106 0.101800 0.203203 0.000068 0.000203 0.010802 0.005488 0.005546 0.000100 0.000100 0.000050 160000000
0.329772 0.989375 0.497424 0.508262 0.101834 0.203217 0.000020 0.000060 0.010699 0.005438 0.005496 0.000006 0.000006 0.000003 161000000
0.329800 0.989532 0.497418 0.508232 0.101830 0.203215 0.000044 0.000131 0.010810 0.005494 0.005552 0.000028 0.000028 0.000014 162000000
0.329785 0.989390 0.497315 0.508149 0.101807 0.203211 0.000012 0.000035 0.010710 0.005442 0.005501 0.000078 0.000078 0.000039 163000000
0.329739 0.989207 0.497503 0.508376 0.101825 0.203216 0.000004 0.000011 0.010595 0.005386 0.005445 0.000120 0.000120 0.000060 164000000
0.329784 0.989402 0.497432 0.508213 0.101825 0.203217 0.000017 0.000051 0.010615 0.005394 0.005452 0.000046 0.000046 0.000023 165000000
0.329785 0.989487 0.497346 0.508273 0.101811 0.203214 0.000044 0.000131 0.010985 0.005583 0.005643 0.000035 0.000035 0.000017 166000000
0.329851 0.989329 0.497696 0.508470 0.101863 0.203243 0.000074 0.000222 0.010519 0.005349 0.005406 0.000120 0.000120 0.000060 167000000
0.329805 0.989559 0.497499 0.508196 0.101777 0.203201 0.000048 0.000145 0.010610 0.005392 0.005449 0.000018 0.000018 0.000009 168000000
0.329756 0.989199 0.497412 0.508351 0.101827 0.203225 0.000023 0.000070 0.010718 0.005448 0.005508 0.000073 0.000073 0.000037 169000000
0.329787 0.989344 0.497647 0.508453 0.101892 0.203257 0.000006 0.000018 0.010595 0.005387 0.005445 0.000046 0.000046 0.000023 170000000
0.329736 0.989360 0.497343 0.508267 0.101798 0.203210 0.000051 0.000152 0.010852 0.005516 0.005575 0.000048 0.000048 0.000024 171000000
0.329777 0.989422 0.497421 0.508158 0.101759 0.203186 0.000030 0.000090 0.010551 0.005362 0.005419 0.000027 0.000027 0.000014 172000000
0.329797 0.989640 0.497532 0.508217 0.101820 0.203222 0.000083 0.000249 0.010663 0.005419 0.005476 0.000047 0.000047 0.000023 173000000
0.329767 0.989352 0.497305 0.508136 0.101785 0.203209 0.000017 0.000051 0.010665 0.005419 0.005478 0.000066 0.000066 0.000033 174000000
0.329786 0.989333 0.497483 0.508331 0.101820 0.203217 0.000008 0.000025 0.010675 0.005426 0.005485 0.000078 0.000078 0.000039 175000000
0.329741 0.989083 0.497230 0.508289 0.101804 0.203203 0.000047 0.000141 0.010840 0.005510 0.005571 0.000079 0.000079 0.000039 176000000
0.329853 0.989832 0.497460 0.508021 0.101762 0.203179 0.000091 0.000274 0.010620 0.005395 0.005451 0.000099 0.000099 0.000049 177000000
0.329737 0.989211 0.497443 0.508199 0.101810 0.203207 0.000000 0.000000 0.010375 0.005272 0.005330 0.000025 0.000025 0.000012 178000000
0.329838 0.989529 0.497374 0.508203 0.101781 0.203200 0.000005 0.000016 0.010838 0.005508 0.005566 0.000022 0.000022 0.000011 179000000
0.329832 0.989498 0.497305 0.508104 0.101779 0.203191 0.000001 0.000003 0.010751 0.005463 0.005521 0.000057 0.000057 0.000028 180000000
0.329802 0.989354 0.497306 0.508154 0.101790 0.203191 0.000017 0.000051 0.010703 0.005439 0.005497 0.000018 0.000018 0.000009 181000000
0.329848 0.989403 0.497559 0.508275 0.101817 0.203207 0.000047 0.000141 0.010486 0.005330 0.005387 0.000043 0.000043 0.000022 182000000
0.329783 0.989306 0.497514 0.508281 0.101844 0.203225 0.000014 0.000042 0.010489 0.005331 0.005389 0.000014 0.000014 0.000007 183000000
0.329743 0.989197 0.497346 0.508226 0.101816 0.203210 0.000011 0.000032 0.010603 0.005389 0.005448 0.000010 0.000010 0.000005 184000000
0.329815 0.989309 0.497281 0.508266 0.101818 0.203211 0.000045 0.000135 0.010921 0.005551 0.005611 0.000027 0.000027 0.000013 185000000
0.329809 0.989488 0.497371 0.508226 0.101833 0.203216 0.000020 0.000060 0.010846 0.005512 0.005571 0.000039 0.000039 0.000020 186000000
0.329790 0.989481 0.497362 0.508267 0.101843 0.203219 0.000037 0.000112 0.010936 0.005559 0.005618 0.000014 0.000014 0.000007 187000000
0.329739 0.989169 0.497254 0.508247 0.101825 0.203207 0.000016 0.000048 0.010798 0.005488 0.005548 0.000008 0.000008 0.000004 188000000
0.329776 0.989522 0.497475 0.508225 0.101824 0.203206 0.000065 0.000195 0.010672 0.005424 0.005481 0.000011 0.000011 0.000005 189000000
0.329827 0.989361 0.497298 0.508144 0.101752 0.203175 0.000040 0.000121 0.010705 0.005440 0.005498 0.000041 0.000041 0.000021 190000000
0.329802 0.989490 0.497430 0.508148 0.101795 0.203201 0.000028 0.000085 0.010580 0.005376 0.005434 0.000049 0.000049 0.000025 191000000
0.329786 0.989249 0.497424 0.508253 0.101806 0.203206 0.000036 0.000109 0.010555 0.005365 0.005423 0.000036 0.000036 0.000018 192000000
0.329765 0.989338 0.497363 0.508185 0.101792 0.203204 0.000015 0.000044 0.010634 0.005404 0.005462 0.000015 0.000015 0.000008 193000000
0.329817 0.989337 0.497410 0.508125 0.101795 0.203206 0.000038 0.000114 0.010425 0.005297 0.005354 0.000082 0.000082 0.000041 194000000
0.329797 0.989324 0.497517 0.508334 0.101853 0.203238 0.000023 0.000069 0.010603 0.005390 0.005448 0.000005 0.000005 0.000002 195000000
0.329791 0.989559 0.497721 0.508277 0.101836 0.203228 0.000062 0.000185 0.010327 0.005249 0.005304 0.000015 0.000015 0.000008 196000000
0.329779 0.989416 0.497394 0.508431 0.101879 0.203250 0.000026 0.000078 0.011123 0.005655 0.005716 0.000053 0.000053 0.000026 197000000
0.329730 0.989139 0.497476 0.508313 0.101809 0.203213 0.000017 0.000051 0.010458 0.005316 0.005374 0.000077 0.000077 0.000039 198000000
0.329794 0.989351 0.497536 0.508340 0.101820 0.203227 0.000010 0.000031 0.010604 0.005391 0.005449 0.000066 0.000066 0.000033 199000000
0.329773 0.989312 0.497550 0.508297 0.101814 0.203227 0.000002 0.000007 0.010456 0.005315 0.005372 0.000028 0.000028 0.000014 200000000
0.329811 0.989473 0.497523 0.508035 0.101711 0.203179 0.000013 0.000040 0.010164 0.005164 0.005219 0.000035 0.000035 0.000018 201000000
0.329835 0.989489 0.497530 0.508327 0.101832 0.203243 0.000005 0.000016 0.010729 0.005454 0.005512 0.000009 0.000009 0.000005 202000000
0.329790 0.989420 0.497510 0.508309 0.101810 0.203230 0.000017 0.000051 0.010664 0.005420 0.005478 0.000038 0.000038 0.000019 203000000
0.329777 0.989222 0.497481 0.508333 0.101806 0.203220 0.000037 0.000110 0.010572 0.005374 0.005433 0.000088 0.000088 0.000044 204000000
0.329815 0.989479 0.497277 0.508244 0.101797 0.203218 0.000011 0.000032 0.011057 0.005620 0.005679 0.000011 0.000011 0.000006 205000000
0.329737 0.988978 0.497302 0.508203 0.101759 0.203200 0.000077 0.000232 0.010428 0.005299 0.005358 0.000044 0.000044 0.000022 206000000
0.329822 0.989742 0.497403 0.508222 0.101818 0.203232 0.000092 0.000275 0.011030 0.005606 0.005664 0.000061 0.000061 0.000030 207000000
0.329849 0.989346 0.497506 0.508252 0.101786 0.203219 0.000067 0.000202 0.010488 0.005330 0.005388 0.000027 0.000027 0.000013 208000000
0.329825 0.989449 0.497495 0.508274 0.101793 0.203219 0.000008 0.000025 0.010656 0.005416 0.005474 0.000044 0.000044 0.000022 209000000
0.329710 0.989210 0.497460 0.508303 0.101800 0.203230 0.000027 0.000081 0.010542 0.005358 0.005417 0.000044 0.000044 0.000022 210000000
0.329761 0.989381 0.497380 0.508297 0.101769 0.203216 0.000033 0.000099 0.010858 0.005519 0.005578 0.000097 0.000097 0.000048 211000000
0.329810 0.989356 0.497324 0.508157 0.101729 0.203197 0.000025 0.000074 0.010674 0.005424 0.005483 0.000034 0.000034 0.000017 212000000
0.329735 0.989431 0.497443 0.508222 0.101807 0.203234 0.000076 0.000227 0.010639 0.005407 0.005465 0.000052 0.000052 0.000026 213000000
0.329743 0.989235 0.497371 0.508255 0.101792 0.203222 0.000002 0.000007 0.010650 0.005413 0.005472 0.000020 0.000020 0.000010 214000000
0.329816 0.989359 0.497468 0.508356 0.101831 0.203246 0.000029 0.000088 0.010775 0.005478 0.005537 0.000033 0.000033 0.000016 215000000
0.328738 0.982549 0.496478 0.509034 0.102029 0.203354 0.001221 0.003664 0.007215 0.003673 0.003738 0.000298 0.000298 0.000149 216000000
0.319450 0.958271 0.492089 0.513597 0.104454 0.204568 0.000026 0.000078 0.000148 0.000076 0.000079 0.000007 0.000007 0.000004 217000000
0.319318 0.957955 0.492101 0.513700 0.104509 0.204595 0.000000 0.000000 0.000000 0.000000 0.000000 0.000000 0.000000 0.000000 218000000
0.319318 0.957955 0.492101 0.513700 0.104509 0.204595 0.000000 0.000000 0.000000 0.000000 0.000000 0.000000 0.000000 0.000000 219000000
0.319318 0.957955 0.492101 0.513700 0.104509 0.204595 0.000000 0.000000 0.000000 0.000000 0.000000 0.000000 0.000000 0.000000 220000000
0.319318 0.957955 0.492101 0.513700 0.104509 0.204595 0.000000 0.000000 0.000000 0.000000 0.000000 0.000000 0.000000 0.000000 221000000
0.319318 0.957955 0.492101 0.513700 0.104509 0.204595 0.000000 0.000000 0.000000 0.000000 0.000000 0.000000 0.000000 0.000000 222000000
0.319318 0.957955 0.492101 0.513700 0.104509 0.204595 0.000000 0.000000 0.000000 0.000000 0.000000 0.000000 0.000000 0.000000 223000000
0.319318 0.957955 0.492101 0.513700 0.104509 0.204595 0.000000 0.000000 0.000000 0.000000 0.000000 0.000000 0.000000 0.000000 224000000
0.319318 0.957955 0.492101 0.513700 0.104509 0.204595 0.000000 0.000000 0.000000 0.000000 0.000000 0.000000 0.000000 0.000000 225000000
0.319318 0.957955 0.492101 0.513700 0.104509 0.204595 0.000000 0.000000 0.000000 0.000000 0.000000 0.000000 0.000000 0.000000 226000000
0.319318 0.957955 0.492101 0.513700 0.104509 0.204595 0.000000 0.000000 0.000000 0.000000 0.000000 0.000000 0.000000 0.000000 227000000
0.319318 0.957955 0.492101 0.513700 0.104509 0.204595 0.000000 0.000000 0.000000 0.000000 0.000000 0.000000 0.000000 0.000000 228000000
0.319318 0.957955 0.492101 0.513700 0.104509 0.204595 0.000000 0.000000 0.000000 0.000000 0.000000 0.000000 0.000000 0.000000 229000000
0.319318 0.957955 0.492101 0.513700 0.104509 0.204595 0.000000 0.000000 0.000000 0.000000 0.000000 0.000000 0.000000 0.000000 230000000
0.319318 0.957955 0.492101 0.513700 0.104509 0.204595 0.000000 0.000000 0.000000 0.000000 0.000000 0.000000 0.000000 0.000000 231000000
0.319318 0.957955 0.492101 0.513700 0.104509 0.204595 0.000000 0.000000 0.000000 0.000000 0.000000 0.000000 0.000000 0.000000 232000000
0.319318 0.957955 0.492101 0.513700 0.104509 0.204595 0.000000 0.000000 0.000000 0.000000 0.000000 0.000000 0.000000 0.000000 233000000
0.319318 0.957955 0.492101 0.513700 0.104509 0.204595 0.000000 0.000000 0.000000 0.000000 0.000000 0.000000 0.000000 0.000000 234000000
0.319318 0.957955 0.492101 0.513700 0.104509 0.204595 0.000000 0.000000 0.000000 0.000000 0.000000 0.000000 0.000000 0.000000 235000000
0.319318 0.957955 0.492101 0.513700 0.104509 0.204595 0.000000 0.000000 0.000000 0.000000 0.000000 0.000000 0.000000 0.000000 236000000
0.319318 0.957955 0.492101 0.513700 0.104509 0.204595 0.000000 0.000000 0.000000 0.000000 0.000000 0.000000 0.000000 0.000000 237000000
0.319318 0.957955 0.492101 0.513700 0.104509 0.204595 0.000000 0.000000 0.000000 0.000000 0.000000 0.000000 0.000000 0.000000 238000000
0.319318 0.957955 0.492101 0.513700 0.104509 0.204595 0.000000 0.000000 0.000000 0.000000 0.000000 0.000000 0.000000 0.000000 239000000
0.319318 0.957955 0.492101 0.513700 0.104509 0.204595 0.000000 0.000000 0.000000 0.000000 0.000000 0.000000 0.000000 0.000000 240000000
0.319318 0.957955 0.492101 0.513700 0.104509 0.204595 0.000000 0.000000 0.000000 0.000000 0.000000 0.000000 0.000000 0.000000 241000000
0.319318 0.957955 0.492101 0.513700 0.104509 0.204595 0.000000 0.000000 0.000000 0.000000 0.000000 0.000000 0.000000 0.000000 242000000
0.319318 0.957955 0.492101 0.513700 0.104509 0.204595 0.000000 0.000000 0.000000 0.000000 0.000000 0.000000 0.000000 0.000000 243000000
0.319318 0.957955 0.492101 0.513700 0.104509 0.204595 0.000000 0.000000 0.000000 0.000000 0.000000 0.000000 0.000000 0.000000 244000000
0.319318 0.957955 0.492101 0.513700 0.104509 0.204595 0.000000 0.000000 0.000000 0.000000 0.000000 0.000000 0.000000 0.000000 245000000
0.319318 0.957955 0.492101 0.513700 0.104509 0.204595 0.000000 0.000000 0.000000 0.000000 0.000000 0.000000 0.000000 0.000000 246000000
0.319318 0.957955 0.492101 0.513700 0.104509 0.204595 0.000000 0.000000 0.000000 0.000000 0.000000 0.000000 0.000000 0.000000 247000000
0.319318 0.957955 0.492101 0.513700 0.104509 0.204595 0.000000 0.000000 0.000000 0.000000 0.000000 0.000000 0.000000 0.000000 248000000
