0.481259 1.443777 0.995972 0.689838 -0.336344 0.513091 0.000000 0.000000 0.000000 0.000000 0.000000 0.000000 0.000000 0.000000 1000000
0.481259 1.443777 0.995972 0.689838 -0.336344 0.513091 0.000000 0.000000 0.000000 0.000000 0.000000 0.000000 0.000000 0.000000 2000000
0.481259 1.443777 0.995972 0.689838 -0.336344 0.513091 0.000000 0.000000 0.000000 0.000000 0.000000 0.000000 0.000000 0.000000 3000000
0.481259 1.443777 0.995972 0.689838 -0.336344 0.513091 0.000000 0.000000 0.000000 0.000000 0.000000 0.000000 0.000000 0.000000 4000000
0.481259 1.443777 0.995972 0.689838 -0.336344 0.513091 0.000000 0.000000 0.000000 0.000000 0.000000 0.000000 0.000000 0.000000 5000000
0.481259 1.443777 0.995972 0.689838 -0.336344 0.513091 0.000000 0.000000 0.000000 0.000000 0.000000 0.000000 0.000000 0.000000 6000000
0.481259 1.443777 0.995972 0.689838 -0.336344 0.513091 0.000000 0.000000 0.000000 0.000000 0.000000 0.000000 0.000000 0.000000 7000000
0.481259 1.443777 0.995972 0.689838 -0.336344 0.513091 0.000000 0.000000 0.000000 0.000000 0.000000 0.000000 0.000000 0.000000 8000000
0.481259 1.443777 0.995972 0.689838 -0.336344 0.513091 0.000000 0.000000 0.000000 0.000000 0.000000 0.000000 0.000000 0.000000 9000000
0.481259 1.443777 0.995972 0.689838 -0.336344 0.513091 0.000000 0.000000 0.000000 0.000000 0.000000 0.000000 0.000000 0.000000 10000000
0.481259 1.443777 0.995972 0.689838 -0.336344 0.513091 0.000000 0.000000 0.000000 0.000000 0.000000 0.000000 0.000000 0.000000 11000000
0.481259 1.443777 0.995972 0.689838 -0.336344 0.513091 0.000000 0.000000 0.000000 0.000000 0.000000 0.000000 0.000000 0.000000 12000000
0.481259 1.443777 0.995972 0.689838 -0.336344 0.513091 0.000000 0.000000 0.000000 0.000000 0.000000 0.000000 0.000000 0.000000 13000000
0.481259 1.443777 0.995972 0.689838 -0.336344 0.513091 0.000000 0.000000 0.000000 0.000000 0.000000 0.000000 0.000000 0.000000 14000000
0.481259 1.443777 0.995972 0.689838 -0.336344 0.513091 0.000000 0.000000 0.000000 0.000000 0.000000 0.000000 0.000000 0.000000 15000000
0.481259 1.443777 0.995972 0.689838 -0.336344 0.513091 0.000000 0.000000 0.000000 0.000000 0.000000 0.000000 0.000000 0.000000 16000000
0.033100 0.171109 0.334159 1.671030 0.106862 0.736798 0.023937 0.071811 0.028862 0.048230 0.281866 0.090572 0.090572 0.045286 17000000
0.000122 0.000412 0.010473 24.195017 11.160870 6.305370 0.000016 0.000048 0.000020 0.000495 1.200952 0.423407 0.423407 0.211703 18000000
0.000100 0.000300 0.008395 27.974611 13.254786 7.359637 0.000000 0.000000 0.000000 0.000000 0.001553 0.000550 0.000550 0.000275 19000000
0.000100 0.000300 0.008394 27.978508 13.257021 7.360743 0.000000 0.000000 0.000000 0.000000 0.000001 0.000000 0.000000 0.000000 20000000
0.000100 0.000300 0.008394 27.978511 13.257023 7.360744 0.000000 0.000000 0.000000 0.000000 0.000000 0.000000 0.000000 0.000000 21000000
0.000100 0.000300 0.008394 27.978511 13.257023 7.360744 0.000000 0.000000 0.000000 0.000000 0.000000 0.000000 0.000000 0.000000 22000000
0.000100 0.000300 0.008394 27.978511 13.257023 7.360744 0.000000 0.000000 0.000000 0.000000 0.000000 0.000000 0.000000 0.000000 23000000
0.000100 0.000300 0.008394 27.978511 13.257023 7.360744 0.000000 0.000000 0.000000 0.000000 0.000000 0.000000 0.000000 0.000000 24000000
0.000100 0.000300 0.008394 27.978511 13.257023 7.360744 0.000000 0.000000 0.000000 0.000000 0.000000 0.000000 0.000000 0.000000 25000000
0.000100 0.000300 0.008394 27.978511 13.257023 7.360744 0.000000 0.000000 0.000000 0.000000 0.000000 0.000000 0.000000 0.000000 26000000
0.000100 0.000300 0.008394 27.978511 13.257023 7.360744 0.000000 0.000000 0.000000 0.000000 0.000000 0.000000 0.000000 0.000000 27000000
0.000100 0.000300 0.008394 27.978511 13.257023 7.360744 0.000000 0.000000 0.000000 0.000000 0.000000 0.000000 0.000000 0.000000 28000000
0.907223 0.884081 3.716924 11.500823 6.326737 3.937418 0.612529 1.837587 0.560893 6.450737 7.296544 2.700750 2.700750 1.350375 29000000
0.999675 2.998299 18.698692 6.237071 2.385231 1.926036 0.000241 0.000724 0.000306 0.001911 0.000637 0.000232 0.000232 0.000116 30000000
1.000000 2.999998 18.706357 6.235456 2.384308 1.925574 0.000000 0.000001 0.000000 0.000002 0.000001 0.000000 0.000000 0.000000 31000000
1.000000 3.000000 18.706364 6.235455 2.384307 1.925574 0.000000 0.000000 0.000000 0.000000 0.000000 0.000000 0.000000 0.000000 32000000
1.000000 3.000000 18.706364 6.235455 2.384307 1.925574 0.000000 0.000000 0.000000 0.000000 0.000000 0.000000 0.000000 0.000000 33000000
1.000000 3.000000 18.706364 6.235455 2.384307 1.925574 0.000000 0.000000 0.000000 0.000000 0.000000 0.000000 0.000000 0.000000 34000000
1.000000 3.000000 18.706364 6.235455 2.384307 1.925574 0.000000 0.000000 0.000000 0.000000 0.000000 0.000000 0.000000 0.000000 35000000
1.000000 3.000000 18.706364 6.235455 2.384307 1.925574 0.000000 0.000000 0.000000 0.000000 0.000000 0.000000 0.000000 0.000000 36000000
1.000000 3.000000 18.706364 6.235455 2.384307 1.925574 0.000000 0.000000 0.000000 0.000000 0.000000 0.000000 0.000000 0.000000 37000000
1.000000 3.000000 18.706364 6.235455 2.384307 1.925574 0.000000 0.000000 0.000000 0.000000 0.000000 0.000000 0.000000 0.000000 38000000
1.000000 3.000000 18.706364 6.235455 2.384307 1.925574 0.000000 0.000000 0.000000 0.000000 0.000000 0.000000 0.000000 0.000000 39000000
1.000000 3.000000 18.706364 6.235455 2.384307 1.925574 0.000000 0.000000 0.000000 0.000000 0.000000 0.000000 0.000000 0.000000 40000000
1.000000 3.000000 18.706364 6.235455 2.384307 1.925574 0.000000 0.000000 0.000000 0.000000 0.000000 0.000000 0.000000 0.000000 41000000
0.666831 0.989635 68.165988 69.296912 32.871668 18.189742 0.336953 1.010858 0.005955 0.412691 0.417013 0.045759 0.045759 0.022879 42000000
0.666013 0.983039 68.788894 69.009353 32.697463 18.091380 0.338333 1.014999 0.013767 0.950031 0.966423 0.129129 0.129129 0.064565 43000000
0.663934 1.007302 68.923942 68.926217 32.702653 18.107876 0.328167 0.984500 0.007335 0.505599 0.501933 0.007812 0.007812 0.003906 44000000
0.677266 1.002927 69.286872 68.830851 32.634368 18.079218 0.342957 1.028871 0.003698 0.254560 0.253817 0.038048 0.038048 0.019024 45000000
0.672572 0.972201 68.793253 69.427724 32.807291 18.162458 0.348505 1.045514 0.018660 1.295540 1.332584 0.295518 0.295518 0.147759 46000000
0.551019 0.347284 15.509849 45.641109 22.458168 11.371704 0.435258 1.305775 0.007462 0.340571 0.980671 0.439535 0.439535 0.219767 47000000
0.561884 0.342033 15.644770 46.380553 23.259483 11.739440 0.447873 1.343619 0.004720 0.218915 0.640040 0.357810 0.357810 0.178905 48000000
0.550237 0.337546 15.042204 48.613397 24.533303 12.393287 0.437722 1.313165 0.028121 1.367049 4.049964 0.706479 0.706479 0.353240 49000000
0.546258 0.333651 15.735660 48.623354 24.240094 12.215454 0.435041 1.305124 0.010028 0.487580 1.461347 0.047648 0.047648 0.023824 50000000
0.563865 0.355215 16.682184 47.885208 24.044411 12.131388 0.445460 1.336381 0.006836 0.327360 0.921582 0.421980 0.421980 0.210990 51000000
0.547522 0.324862 16.464540 50.429943 25.031449 12.610424 0.439235 1.317705 0.001622 0.081773 0.251716 0.177646 0.177646 0.088823 52000000
0.549675 0.323592 16.306481 52.032398 25.861946 12.994063 0.441811 1.325432 0.010201 0.530786 1.640294 0.182325 0.182325 0.091163 53000000
0.551851 0.338429 16.858225 51.625500 26.266529 13.136042 0.439041 1.317124 0.011881 0.613360 1.812372 0.913114 0.913114 0.456557 54000000
0.553900 0.310142 17.287111 53.036679 26.472432 13.218640 0.450519 1.351557 0.015804 0.838192 2.702605 0.126967 0.126967 0.063484 55000000
0.567824 0.355724 18.476747 51.762740 25.931816 13.028417 0.449249 1.347746 0.001227 0.063489 0.178479 0.225910 0.225910 0.112955 56000000
0.553715 0.327596 18.236012 54.086106 26.957447 13.516382 0.444516 1.333548 0.009570 0.517610 1.580024 0.095895 0.095895 0.047948 57000000
0.553630 0.319228 18.254873 55.696106 27.807062 14.009696 0.447221 1.341663 0.008531 0.475143 1.488416 0.130348 0.130348 0.065174 58000000
0.557418 0.361310 18.980150 55.893359 27.843663 14.006096 0.436982 1.310945 0.021732 1.214681 3.361881 0.037505 0.037505 0.018753 59000000
0.556500 0.353214 19.195813 56.677318 28.602079 14.421461 0.438763 1.316288 0.014528 0.823384 2.331122 0.767684 0.767684 0.383842 60000000
0.563251 0.344041 19.243922 57.839397 29.050407 14.647042 0.448571 1.345713 0.011328 0.655188 1.904391 0.505093 0.505093 0.252546 61000000
0.560063 0.331598 19.214194 59.269058 29.407308 14.847118 0.449530 1.348590 0.007412 0.439309 1.324822 0.167515 0.167515 0.083757 62000000
0.984675 2.919769 81.572078 28.081463 14.009201 7.060529 0.011419 0.034256 0.014932 0.419319 0.143614 0.048796 0.048796 0.024398 63000000
0.999987 2.999933 83.186145 27.729448 13.809855 6.959817 0.000010 0.000029 0.000012 0.000341 0.000114 0.000041 0.000041 0.000020 64000000
1.000000 3.000000 83.187485 27.729164 13.809694 6.959735 0.000000 0.000000 0.000000 0.000000 0.000000 0.000000 0.000000 0.000000 65000000
1.000000 3.000000 83.187486 27.729163 13.809694 6.959735 0.000000 0.000000 0.000000 0.000000 0.000000 0.000000 0.000000 0.000000 66000000
1.000000 3.000000 83.187486 27.729163 13.809694 6.959735 0.000000 0.000000 0.000000 0.000000 0.000000 0.000000 0.000000 0.000000 67000000
1.000000 3.000000 83.187486 27.729163 13.809694 6.959735 0.000000 0.000000 0.000000 0.000000 0.000000 0.000000 0.000000 0.000000 68000000
1.000000 3.000000 83.187486 27.729163 13.809694 6.959735 0.000000 0.000000 0.000000 0.000000 0.000000 0.000000 0.000000 0.000000 69000000
1.000000 3.000000 83.187486 27.729163 13.809694 6.959735 0.000000 0.000000 0.000000 0.000000 0.000000 0.000000 0.000000 0.000000 70000000
1.000000 3.000000 83.187486 27.729163 13.809694 6.959735 0.000000 0.000000 0.000000 0.000000 0.000000 0.000000 0.000000 0.000000 71000000
1.000000 3.000000 83.187486 27.729163 13.809694 6.959735 0.000000 0.000000 0.000000 0.000000 0.000000 0.000000 0.000000 0.000000 72000000
1.000000 3.000000 83.187486 27.729163 13.809694 6.959735 0.000000 0.000000 0.000000 0.000000 0.000000 0.000000 0.000000 0.000000 73000000
1.000000 3.000000 83.187486 27.729163 13.809694 6.959735 0.000000 0.000000 0.000000 0.000000 0.000000 0.000000 0.000000 0.000000 74000000
1.000000 3.000000 83.187486 27.729163 13.809694 6.959735 0.000000 0.000000 0.000000 0.000000 0.000000 0.000000 0.000000 0.000000 75000000
1.000000 3.000000 83.187486 27.729163 13.809694 6.959735 0.000000 0.000000 0.000000 0.000000 0.000000 0.000000 0.000000 0.000000 76000000
